Using pre-set license
Built from '2020.2/staging' branch; Version is '2020.2.3f1 (8ff31bc5bf5b) revision 9433883'; Using compiler version '192528614'; Build Type 'Release'
OS: 'Windows 10 Home Single Language; OS build 19042.1165; Version 2009; 64bit' Language: 'es' Physical Memory: 16196 MB
BatchMode: 1, IsHumanControllingUs: 0, StartBugReporterOnCrash: 0, Is64bit: 1, IsPro: 0

 COMMAND LINE ARGUMENTS:
C:\Program Files\Unity\Hub\Editor\2020.2.3f1\Editor\Unity.exe
-adb2
-batchMode
-noUpm
-name
AssetImportWorker0
-projectPath
C:/Users/alexa/OneDrive/Documentos/Unity Projects/Mines3D
-logFile
Logs/AssetImportWorker0.log
-srvPort
62868
Successfully changed project path to: C:/Users/alexa/OneDrive/Documentos/Unity Projects/Mines3D
C:/Users/alexa/OneDrive/Documentos/Unity Projects/Mines3D
Using Asset Import Pipeline V2.
Refreshing native plugins compatible for Editor in 27.47 ms, found 0 plugins.
Preloading 0 native plugins for Editor in 0.00 ms.
Initialize engine version: 2020.2.3f1 (8ff31bc5bf5b)
[Subsystems] Discovering subsystems at path C:/Program Files/Unity/Hub/Editor/2020.2.3f1/Editor/Data/Resources/UnitySubsystems
[Subsystems] Discovering subsystems at path C:/Users/alexa/OneDrive/Documentos/Unity Projects/Mines3D/Assets
GfxDevice: creating device client; threaded=0
Direct3D:
    Version:  Direct3D 11.0 [level 11.1]
    Renderer: NVIDIA GeForce RTX 2070 with Max-Q Design (ID=0x1f10)
    Vendor:   
    VRAM:     8031 MB
    Driver:   30.0.14.7168
Initialize mono
Mono path[0] = 'C:/Program Files/Unity/Hub/Editor/2020.2.3f1/Editor/Data/Managed'
Mono path[1] = 'C:/Program Files/Unity/Hub/Editor/2020.2.3f1/Editor/Data/MonoBleedingEdge/lib/mono/unityjit'
Mono config path = 'C:/Program Files/Unity/Hub/Editor/2020.2.3f1/Editor/Data/MonoBleedingEdge/etc'
Using monoOptions --debugger-agent=transport=dt_socket,embedding=1,server=y,suspend=n,address=127.0.0.1:56332
Begin MonoManager ReloadAssembly
Registering precompiled unity dll's ...
Register platform support module: C:/Program Files/Unity/Hub/Editor/2020.2.3f1/Editor/Data/PlaybackEngines/WebGLSupport/UnityEditor.WebGL.Extensions.dll
Register platform support module: C:/Program Files/Unity/Hub/Editor/2020.2.3f1/Editor/Data/PlaybackEngines/MacStandaloneSupport/UnityEditor.OSXStandalone.Extensions.dll
Register platform support module: C:/Program Files/Unity/Hub/Editor/2020.2.3f1/Editor/Data/PlaybackEngines/WindowsStandaloneSupport/UnityEditor.WindowsStandalone.Extensions.dll
Registered in 0.003198 seconds.
Native extension for WindowsStandalone target not found
Native extension for OSXStandalone target not found
Native extension for WebGL target not found
Refreshing native plugins compatible for Editor in 27.05 ms, found 0 plugins.
Preloading 0 native plugins for Editor in 0.00 ms.
Invoked RoslynAnalysisRunner static constructor.
RoslynAnalysisRunner will not be running.
RoslynAnalysisRunner has terminated.
Mono: successfully reloaded assembly
- Completed reload, in  2.396 seconds
Platform modules already initialized, skipping
Registering precompiled user dll's ...
Registered in 0.000793 seconds.
Begin MonoManager ReloadAssembly
Native extension for WindowsStandalone target not found
Native extension for OSXStandalone target not found
Native extension for WebGL target not found
Refreshing native plugins compatible for Editor in 0.21 ms, found 0 plugins.
Preloading 0 native plugins for Editor in 0.00 ms.
Invoked RoslynAnalysisRunner static constructor.
RoslynAnalysisRunner will not be running.
RoslynAnalysisRunner has terminated.
Mono: successfully reloaded assembly
- Completed reload, in  0.977 seconds
Platform modules already initialized, skipping
========================================================================
Worker process is ready to serve import requests
Launched and connected shader compiler UnityShaderCompiler.exe after 0.05 seconds
Refreshing native plugins compatible for Editor in 0.21 ms, found 0 plugins.
Preloading 0 native plugins for Editor in 0.00 ms.
Unloading 1114 Unused Serialized files (Serialized files now loaded: 0)
System memory in use before: 57.1 MB.
System memory in use after: 57.2 MB.

Unloading 10 unused Assets to reduce memory usage. Loaded Objects now: 1556.
Total: 3.676900 ms (FindLiveObjects: 0.241100 ms CreateObjectMapping: 0.081800 ms MarkObjects: 3.177800 ms  DeleteObjects: 0.174100 ms)

========================================================================
Received Import Request.
  path: Assets/Prefabs/Brick.prefab
  artifactKey: Guid(8ac8583b74f6b2d40a5555d471ff151e) Importer(815301076,1909f56bfc062723c751e8b465ee728b)
Start importing Assets/Prefabs/Brick.prefab using Guid(8ac8583b74f6b2d40a5555d471ff151e) Importer(815301076,1909f56bfc062723c751e8b465ee728b) 0 neighbors
UnityEngine.StackTraceUtility:ExtractStackTrace ()
UnityEngine.DebugLogHandler:LogFormat (UnityEngine.LogType,UnityEngine.Object,string,object[])
UnityEngine.Logger:Log (UnityEngine.LogType,object)
UnityEngine.Debug:Log (object)
Brick:FindNeighbors () (at Assets/Scripts/Brick.cs:56)
Brick:OnValidate () (at Assets/Scripts/Brick.cs:39)

(Filename: Assets/Scripts/Brick.cs Line: 56)

 -> (artifact id: 'ac808d5a00127009b6e7d246164b89e3') in 0.170586 seconds
  Import took 0.173966 seconds .

========================================================================
Received Prepare
Refreshing native plugins compatible for Editor in 0.78 ms, found 0 plugins.
Preloading 0 native plugins for Editor in 0.00 ms.
Unloading 3 Unused Serialized files (Serialized files now loaded: 0)
System memory in use before: 38.4 MB.
System memory in use after: 38.5 MB.

Unloading 4 unused Assets to reduce memory usage. Loaded Objects now: 1564.
Total: 2.122500 ms (FindLiveObjects: 0.156400 ms CreateObjectMapping: 0.040300 ms MarkObjects: 1.876100 ms  DeleteObjects: 0.048300 ms)

========================================================================
Received Import Request.
  Time since last request: 147.690113 seconds.
  path: Assets/Prefabs/Player.prefab
  artifactKey: Guid(209d81710f389f34dab4b6f17d90729e) Importer(815301076,1909f56bfc062723c751e8b465ee728b)
Start importing Assets/Prefabs/Player.prefab using Guid(209d81710f389f34dab4b6f17d90729e) Importer(815301076,1909f56bfc062723c751e8b465ee728b)  -> (artifact id: 'bd296cfc852301ff87e222f9397f6cb2') in 0.045443 seconds
  Import took 0.050184 seconds .

========================================================================
Received Import Request.
  Time since last request: 185.253969 seconds.
  path: Assets/Prefabs/Character.prefab
  artifactKey: Guid(209d81710f389f34dab4b6f17d90729e) Importer(815301076,1909f56bfc062723c751e8b465ee728b)
Start importing Assets/Prefabs/Character.prefab using Guid(209d81710f389f34dab4b6f17d90729e) Importer(815301076,1909f56bfc062723c751e8b465ee728b)  -> (artifact id: '24b9168b2c6b4ea2fc78ca6bc710905a') in 0.012770 seconds
  Import took 0.014887 seconds .

========================================================================
Received Import Request.
  Time since last request: 41.103441 seconds.
  path: Assets/Prefabs/Character.prefab
  artifactKey: Guid(209d81710f389f34dab4b6f17d90729e) Importer(815301076,1909f56bfc062723c751e8b465ee728b)
Start importing Assets/Prefabs/Character.prefab using Guid(209d81710f389f34dab4b6f17d90729e) Importer(815301076,1909f56bfc062723c751e8b465ee728b)  -> (artifact id: '053f860b403f49d3f9d50961db2df557') in 0.011541 seconds
  Import took 0.013701 seconds .

========================================================================
Received Import Request.
  Time since last request: 18.209159 seconds.
  path: Assets/Prefabs/Character.prefab
  artifactKey: Guid(209d81710f389f34dab4b6f17d90729e) Importer(815301076,1909f56bfc062723c751e8b465ee728b)
Start importing Assets/Prefabs/Character.prefab using Guid(209d81710f389f34dab4b6f17d90729e) Importer(815301076,1909f56bfc062723c751e8b465ee728b)  -> (artifact id: '047f012543c482cad619dad6b4ad2526') in 0.010978 seconds
  Import took 0.013120 seconds .

========================================================================
Received Import Request.
  Time since last request: 16.331400 seconds.
  path: Assets/Prefabs/Character.prefab
  artifactKey: Guid(209d81710f389f34dab4b6f17d90729e) Importer(815301076,1909f56bfc062723c751e8b465ee728b)
Start importing Assets/Prefabs/Character.prefab using Guid(209d81710f389f34dab4b6f17d90729e) Importer(815301076,1909f56bfc062723c751e8b465ee728b)  -> (artifact id: '857ddc03debb93c6ed02c23ac58af399') in 0.012014 seconds
  Import took 0.014549 seconds .

========================================================================
Received Import Request.
  Time since last request: 1.748799 seconds.
  path: Assets/Prefabs/Character.prefab
  artifactKey: Guid(209d81710f389f34dab4b6f17d90729e) Importer(815301076,1909f56bfc062723c751e8b465ee728b)
Start importing Assets/Prefabs/Character.prefab using Guid(209d81710f389f34dab4b6f17d90729e) Importer(815301076,1909f56bfc062723c751e8b465ee728b)  -> (artifact id: '91d5221d20b9acc0d4c7fd1bd063f271') in 0.009872 seconds
  Import took 0.011998 seconds .

========================================================================
Received Import Request.
  Time since last request: 4.173663 seconds.
  path: Assets/Prefabs/Character.prefab
  artifactKey: Guid(209d81710f389f34dab4b6f17d90729e) Importer(815301076,1909f56bfc062723c751e8b465ee728b)
Start importing Assets/Prefabs/Character.prefab using Guid(209d81710f389f34dab4b6f17d90729e) Importer(815301076,1909f56bfc062723c751e8b465ee728b)  -> (artifact id: '72c83f3839b647d588f13da3004dd7a7') in 0.008857 seconds
  Import took 0.011235 seconds .

========================================================================
Received Import Request.
  Time since last request: 0.000328 seconds.
  path: Assets/Prefabs/Character.prefab
  artifactKey: Guid(209d81710f389f34dab4b6f17d90729e) Importer(815301076,1909f56bfc062723c751e8b465ee728b)
Start importing Assets/Prefabs/Character.prefab using Guid(209d81710f389f34dab4b6f17d90729e) Importer(815301076,1909f56bfc062723c751e8b465ee728b)  -> (artifact id: '72c83f3839b647d588f13da3004dd7a7') in 0.007448 seconds
  Import took 0.009841 seconds .

========================================================================
Received Import Request.
  Time since last request: 70.068156 seconds.
  path: Assets/Scripts/CharacterController.cs
  artifactKey: Guid(d58b0ceb2b51b784c8dd6162d73a9d6b) Importer(815301076,1909f56bfc062723c751e8b465ee728b)
Start importing Assets/Scripts/CharacterController.cs using Guid(d58b0ceb2b51b784c8dd6162d73a9d6b) Importer(815301076,1909f56bfc062723c751e8b465ee728b)  -> (artifact id: '44efaa2c62e7c2d4d03643875b502d21') in 0.010844 seconds
  Import took 0.013123 seconds .

========================================================================
Received Import Request.
  Time since last request: 23.145814 seconds.
  path: Assets/Prefabs/Character.prefab
  artifactKey: Guid(209d81710f389f34dab4b6f17d90729e) Importer(815301076,1909f56bfc062723c751e8b465ee728b)
Start importing Assets/Prefabs/Character.prefab using Guid(209d81710f389f34dab4b6f17d90729e) Importer(815301076,1909f56bfc062723c751e8b465ee728b)  -> (artifact id: '24bd42234c6e46dd9e557e2c35ce01a8') in 0.011020 seconds
  Import took 0.013390 seconds .

========================================================================
Received Import Request.
  Time since last request: 5.677815 seconds.
  path: Assets/Prefabs/Character.prefab
  artifactKey: Guid(209d81710f389f34dab4b6f17d90729e) Importer(815301076,1909f56bfc062723c751e8b465ee728b)
Start importing Assets/Prefabs/Character.prefab using Guid(209d81710f389f34dab4b6f17d90729e) Importer(815301076,1909f56bfc062723c751e8b465ee728b)  -> (artifact id: 'ab113d2ba68e359b60d95571c78c80a7') in 0.011772 seconds
  Import took 0.014249 seconds .

========================================================================
Received Import Request.
  Time since last request: 181.253052 seconds.
  path: Assets/Scripts/BrickContainer.cs
  artifactKey: Guid(4bbc3950eadaeda4f9d0605643037974) Importer(815301076,1909f56bfc062723c751e8b465ee728b)
Start importing Assets/Scripts/BrickContainer.cs using Guid(4bbc3950eadaeda4f9d0605643037974) Importer(815301076,1909f56bfc062723c751e8b465ee728b)  -> (artifact id: '643e9611e32b51ef5282a345ed66f2aa') in 0.002820 seconds
  Import took 0.005701 seconds .

========================================================================
Received Import Request.
  Time since last request: 0.003935 seconds.
  path: Assets/Scripts/BrickContainer.cs
  artifactKey: Guid(4bbc3950eadaeda4f9d0605643037974) Importer(815301076,1909f56bfc062723c751e8b465ee728b)
Start importing Assets/Scripts/BrickContainer.cs using Guid(4bbc3950eadaeda4f9d0605643037974) Importer(815301076,1909f56bfc062723c751e8b465ee728b)  -> (artifact id: '643e9611e32b51ef5282a345ed66f2aa') in 0.002370 seconds
  Import took 0.005670 seconds .

========================================================================
Received Prepare
Registering precompiled user dll's ...
Registered in 0.000753 seconds.
Begin MonoManager ReloadAssembly
Native extension for WindowsStandalone target not found
Native extension for OSXStandalone target not found
Native extension for WebGL target not found
Refreshing native plugins compatible for Editor in 0.22 ms, found 0 plugins.
Preloading 0 native plugins for Editor in 0.00 ms.
Invoked RoslynAnalysisRunner static constructor.
RoslynAnalysisRunner will not be running.
RoslynAnalysisRunner has terminated.
Mono: successfully reloaded assembly
- Completed reload, in  0.892 seconds
Platform modules already initialized, skipping
Refreshing native plugins compatible for Editor in 0.21 ms, found 0 plugins.
Preloading 0 native plugins for Editor in 0.00 ms.
Unloading 1109 Unused Serialized files (Serialized files now loaded: 0)
System memory in use before: 60.4 MB.
System memory in use after: 60.5 MB.

Unloading 6 unused Assets to reduce memory usage. Loaded Objects now: 1567.
Total: 2.948200 ms (FindLiveObjects: 0.230100 ms CreateObjectMapping: 0.073600 ms MarkObjects: 2.551500 ms  DeleteObjects: 0.090600 ms)

========================================================================
Received Import Request.
  Time since last request: 46.442661 seconds.
  path: Assets/Scripts/BrickContainer.cs
  artifactKey: Guid(4bbc3950eadaeda4f9d0605643037974) Importer(815301076,1909f56bfc062723c751e8b465ee728b)
Start importing Assets/Scripts/BrickContainer.cs using Guid(4bbc3950eadaeda4f9d0605643037974) Importer(815301076,1909f56bfc062723c751e8b465ee728b)  -> (artifact id: 'cfe789a0474a66e576c95f6d1ed6629e') in 0.007208 seconds
  Import took 0.010839 seconds .

========================================================================
Received Prepare
Registering precompiled user dll's ...
Registered in 0.000767 seconds.
Begin MonoManager ReloadAssembly
Native extension for WindowsStandalone target not found
Native extension for OSXStandalone target not found
Native extension for WebGL target not found
Refreshing native plugins compatible for Editor in 0.21 ms, found 0 plugins.
Preloading 0 native plugins for Editor in 0.00 ms.
Invoked RoslynAnalysisRunner static constructor.
RoslynAnalysisRunner will not be running.
RoslynAnalysisRunner has terminated.
Mono: successfully reloaded assembly
- Completed reload, in  0.902 seconds
Platform modules already initialized, skipping
Refreshing native plugins compatible for Editor in 0.21 ms, found 0 plugins.
Preloading 0 native plugins for Editor in 0.00 ms.
Unloading 1109 Unused Serialized files (Serialized files now loaded: 0)
System memory in use before: 60.4 MB.
System memory in use after: 60.5 MB.

Unloading 5 unused Assets to reduce memory usage. Loaded Objects now: 1569.
Total: 4.104000 ms (FindLiveObjects: 0.429400 ms CreateObjectMapping: 0.164000 ms MarkObjects: 3.375900 ms  DeleteObjects: 0.131600 ms)

========================================================================
Received Prepare
Registering precompiled user dll's ...
Registered in 0.000779 seconds.
Begin MonoManager ReloadAssembly
Native extension for WindowsStandalone target not found
Native extension for OSXStandalone target not found
Native extension for WebGL target not found
Refreshing native plugins compatible for Editor in 0.21 ms, found 0 plugins.
Preloading 0 native plugins for Editor in 0.00 ms.
Invoked RoslynAnalysisRunner static constructor.
RoslynAnalysisRunner will not be running.
RoslynAnalysisRunner has terminated.
Mono: successfully reloaded assembly
- Completed reload, in  0.923 seconds
Platform modules already initialized, skipping
Refreshing native plugins compatible for Editor in 0.21 ms, found 0 plugins.
Preloading 0 native plugins for Editor in 0.00 ms.
Unloading 1109 Unused Serialized files (Serialized files now loaded: 0)
System memory in use before: 60.4 MB.
System memory in use after: 60.5 MB.

Unloading 5 unused Assets to reduce memory usage. Loaded Objects now: 1571.
Total: 3.490900 ms (FindLiveObjects: 0.236400 ms CreateObjectMapping: 0.080200 ms MarkObjects: 3.082800 ms  DeleteObjects: 0.089600 ms)

========================================================================
Received Import Request.
  Time since last request: 467.356412 seconds.
  path: Assets/Scripts/BrickContainer.cs
  artifactKey: Guid(4bbc3950eadaeda4f9d0605643037974) Importer(815301076,1909f56bfc062723c751e8b465ee728b)
Start importing Assets/Scripts/BrickContainer.cs using Guid(4bbc3950eadaeda4f9d0605643037974) Importer(815301076,1909f56bfc062723c751e8b465ee728b)  -> (artifact id: '7a851880c8e8e1c130918bdda08efd19') in 0.004470 seconds
  Import took 0.006560 seconds .

========================================================================
Received Import Request.
  Time since last request: 0.030310 seconds.
  path: Assets/Scripts/BrickContainer.cs
  artifactKey: Guid(4bbc3950eadaeda4f9d0605643037974) Importer(815301076,1909f56bfc062723c751e8b465ee728b)
Start importing Assets/Scripts/BrickContainer.cs using Guid(4bbc3950eadaeda4f9d0605643037974) Importer(815301076,1909f56bfc062723c751e8b465ee728b)  -> (artifact id: '7a851880c8e8e1c130918bdda08efd19') in 0.001966 seconds
  Import took 0.004084 seconds .

========================================================================
Received Prepare
Registering precompiled user dll's ...
Registered in 0.000822 seconds.
Begin MonoManager ReloadAssembly
Native extension for WindowsStandalone target not found
Native extension for OSXStandalone target not found
Native extension for WebGL target not found
Refreshing native plugins compatible for Editor in 0.21 ms, found 0 plugins.
Preloading 0 native plugins for Editor in 0.00 ms.
Invoked RoslynAnalysisRunner static constructor.
RoslynAnalysisRunner will not be running.
RoslynAnalysisRunner has terminated.
Mono: successfully reloaded assembly
- Completed reload, in  0.881 seconds
Platform modules already initialized, skipping
Refreshing native plugins compatible for Editor in 0.22 ms, found 0 plugins.
Preloading 0 native plugins for Editor in 0.00 ms.
Unloading 1109 Unused Serialized files (Serialized files now loaded: 0)
System memory in use before: 60.4 MB.
System memory in use after: 60.5 MB.

Unloading 5 unused Assets to reduce memory usage. Loaded Objects now: 1573.
Total: 3.167900 ms (FindLiveObjects: 0.253500 ms CreateObjectMapping: 0.084900 ms MarkObjects: 2.733300 ms  DeleteObjects: 0.094200 ms)

========================================================================
Received Prepare
Registering precompiled user dll's ...
Registered in 0.000795 seconds.
Begin MonoManager ReloadAssembly
Native extension for WindowsStandalone target not found
Native extension for OSXStandalone target not found
Native extension for WebGL target not found
Refreshing native plugins compatible for Editor in 0.21 ms, found 0 plugins.
Preloading 0 native plugins for Editor in 0.00 ms.
Invoked RoslynAnalysisRunner static constructor.
RoslynAnalysisRunner will not be running.
RoslynAnalysisRunner has terminated.
Mono: successfully reloaded assembly
- Completed reload, in  0.894 seconds
Platform modules already initialized, skipping
Refreshing native plugins compatible for Editor in 0.21 ms, found 0 plugins.
Preloading 0 native plugins for Editor in 0.00 ms.
Unloading 1109 Unused Serialized files (Serialized files now loaded: 0)
System memory in use before: 60.4 MB.
System memory in use after: 60.5 MB.

Unloading 5 unused Assets to reduce memory usage. Loaded Objects now: 1575.
Total: 3.510700 ms (FindLiveObjects: 0.235600 ms CreateObjectMapping: 0.078800 ms MarkObjects: 3.105400 ms  DeleteObjects: 0.088900 ms)

========================================================================
Received Prepare
Registering precompiled user dll's ...
Registered in 0.000825 seconds.
Begin MonoManager ReloadAssembly
Native extension for WindowsStandalone target not found
Native extension for OSXStandalone target not found
Native extension for WebGL target not found
Refreshing native plugins compatible for Editor in 0.21 ms, found 0 plugins.
Preloading 0 native plugins for Editor in 0.00 ms.
Invoked RoslynAnalysisRunner static constructor.
RoslynAnalysisRunner will not be running.
RoslynAnalysisRunner has terminated.
Mono: successfully reloaded assembly
- Completed reload, in  0.894 seconds
Platform modules already initialized, skipping
Refreshing native plugins compatible for Editor in 0.22 ms, found 0 plugins.
Preloading 0 native plugins for Editor in 0.00 ms.
Unloading 1109 Unused Serialized files (Serialized files now loaded: 0)
System memory in use before: 60.4 MB.
System memory in use after: 60.5 MB.

Unloading 5 unused Assets to reduce memory usage. Loaded Objects now: 1577.
Total: 3.702200 ms (FindLiveObjects: 0.287100 ms CreateObjectMapping: 0.101000 ms MarkObjects: 3.206200 ms  DeleteObjects: 0.105400 ms)

AssetImportWorkerClient::OnTransportError - code=2 error=End of file
